--------------------------------------------------------------------------------
Release 14.7 Trace  (lin64)
Copyright (c) 1995-2013 Xilinx, Inc.  All rights reserved.

/opt/Xilinx/14.7/ISE_DS/ISE/bin/lin64/unwrapped/trce -intstyle ise -v 3 -s 5 -n
3 -fastpaths -xml fourbitfa.twx fourbitfa.ncd -o fourbitfa.twr fourbitfa.pcf
-ucf fa.ucf

Design file:              fourbitfa.ncd
Physical constraint file: fourbitfa.pcf
Device,package,speed:     xc3s700an,fgg484,-5 (PRODUCTION 1.42 2013-10-13)
Report level:             verbose report

Environment Variable      Effect 
--------------------      ------ 
NONE                      No environment variables were set
--------------------------------------------------------------------------------

INFO:Timing:2698 - No timing constraints found, doing default enumeration.
INFO:Timing:3412 - To improve timing, see the Timing Closure User Guide (UG612).
INFO:Timing:2752 - To get complete path coverage, use the unconstrained paths 
   option. All paths that are not constrained will be reported in the 
   unconstrained paths section(s) of the report.
INFO:Timing:3339 - The clock-to-out numbers in this timing report are based on 
   a 50 Ohm transmission line loading model.  For the details of this model, 
   and for more information on accounting for different loading conditions, 
   please see the device datasheet.
INFO:Timing:3390 - This architecture does not support a default System Jitter 
   value, please add SYSTEM_JITTER constraint to the UCF to modify the Clock 
   Uncertainty calculation.
INFO:Timing:3389 - This architecture does not support 'Discrete Jitter' and 
   'Phase Error' calculations, these terms will be zero in the Clock 
   Uncertainty calculation.  Please make appropriate modification to 
   SYSTEM_JITTER to account for the unsupported Discrete Jitter and Phase 
   Error.



Data Sheet report:
-----------------
All values displayed in nanoseconds (ns)

Pad to Pad
---------------+---------------+---------+
Source Pad     |Destination Pad|  Delay  |
---------------+---------------+---------+
C_in           |C_out          |    9.814|
C_in           |Z<0>           |    7.454|
C_in           |Z<1>           |    8.073|
C_in           |Z<2>           |    8.791|
C_in           |Z<3>           |    9.830|
X<0>           |C_out          |   11.060|
X<0>           |Z<0>           |    8.413|
X<0>           |Z<1>           |    9.319|
X<0>           |Z<2>           |   10.037|
X<0>           |Z<3>           |   11.076|
X<1>           |C_out          |   10.088|
X<1>           |Z<1>           |    8.314|
X<1>           |Z<2>           |    9.065|
X<1>           |Z<3>           |   10.104|
X<2>           |C_out          |    9.553|
X<2>           |Z<2>           |    8.194|
X<2>           |Z<3>           |    9.569|
X<3>           |C_out          |    8.773|
X<3>           |Z<3>           |    8.297|
Y<0>           |C_out          |   10.167|
Y<0>           |Z<0>           |    7.262|
Y<0>           |Z<1>           |    8.426|
Y<0>           |Z<2>           |    9.144|
Y<0>           |Z<3>           |   10.183|
Y<1>           |C_out          |   10.159|
Y<1>           |Z<1>           |    7.154|
Y<1>           |Z<2>           |    9.136|
Y<1>           |Z<3>           |   10.175|
Y<2>           |C_out          |    9.137|
Y<2>           |Z<2>           |    7.547|
Y<2>           |Z<3>           |    9.153|
Y<3>           |C_out          |    8.122|
Y<3>           |Z<3>           |    7.619|
---------------+---------------+---------+


Analysis completed Tue Jun  6 14:04:01 2023 
--------------------------------------------------------------------------------

Trace Settings:
-------------------------
Trace Settings 

Peak Memory Usage: 377 MB



